<?xml version="1.0" encoding="UTF-8"?>
<!-- Generated by org.testng.reporters.JUnitReportReporter -->
<testsuite skipped="0" hostname="MUNTASIR-BOCTC10" name="com.ExtentReport.LoginTestCustomizeExtentReport" tests="4" failures="0" timestamp="2021-01-17T11:32:09 BDT" time="73.028" errors="0">
  <testcase name="loginTC_002" time="16.357" classname="com.ExtentReport.LoginTestCustomizeExtentReport"/>
  <system-out/>
  <testcase name="loginTC_003" time="16.763" classname="com.ExtentReport.LoginTestCustomizeExtentReport"/>
  <system-out/>
  <testcase name="loginTC_004" time="22.364" classname="com.ExtentReport.LoginTestCustomizeExtentReport"/>
  <system-out/>
  <testcase name="loginTC_001" time="17.544" classname="com.ExtentReport.LoginTestCustomizeExtentReport"/>
  <system-out/>
</testsuite> <!-- com.ExtentReport.LoginTestCustomizeExtentReport -->
