<?xml version="1.0" encoding="UTF-8"?>
<!-- Generated by org.testng.reporters.JUnitReportReporter -->
<testsuite skipped="0" hostname="MUNTASIR-BOCTC10" name="com.ExtentReport.CustomReport" tests="1" failures="0" timestamp="2021-01-16T13:57:06 BDT" time="28.150" errors="0">
  <testcase name="login" time="28.150" classname="com.ExtentReport.CustomReport"/>
  <system-out/>
</testsuite> <!-- com.ExtentReport.CustomReport -->
