<?xml version="1.0" encoding="UTF-8"?>
<!-- Generated by org.testng.reporters.JUnitReportReporter -->
<testsuite skipped="0" hostname="MUNTASIR-BOCTC10" name="com.ProductOrder.TC_ProductOrder" tests="5" failures="0" timestamp="2021-01-17T12:56:03 BDT" time="84.445" errors="0">
  <testcase name="productTest3" time="18.203" classname="com.ProductOrder.TC_ProductOrder"/>
  <system-out/>
  <testcase name="productTest2" time="17.017" classname="com.ProductOrder.TC_ProductOrder"/>
  <system-out/>
  <testcase name="productTest4" time="17.533" classname="com.ProductOrder.TC_ProductOrder"/>
  <system-out/>
  <testcase name="productTest5" time="17.273" classname="com.ProductOrder.TC_ProductOrder"/>
  <system-out/>
  <testcase name="productTest" time="14.419" classname="com.ProductOrder.TC_ProductOrder"/>
  <system-out/>
</testsuite> <!-- com.ProductOrder.TC_ProductOrder -->
