<?xml version="1.0" encoding="UTF-8"?>
<!-- Generated by org.testng.reporters.JUnitReportReporter -->
<testsuite skipped="0" hostname="MUNTASIR-BOCTC10" name="com.login.LoginTestCustomizeExtentReport" tests="4" failures="0" timestamp="2021-01-17T12:27:25 BDT" time="72.963" errors="0">
  <testcase name="loginTC_004" time="22.147" classname="com.login.LoginTestCustomizeExtentReport"/>
  <system-out/>
  <testcase name="loginTC_001" time="16.989" classname="com.login.LoginTestCustomizeExtentReport"/>
  <system-out/>
  <testcase name="loginTC_003" time="17.143" classname="com.login.LoginTestCustomizeExtentReport"/>
  <system-out/>
  <testcase name="loginTC_002" time="16.684" classname="com.login.LoginTestCustomizeExtentReport"/>
  <system-out/>
</testsuite> <!-- com.login.LoginTestCustomizeExtentReport -->
