<?xml version="1.0" encoding="UTF-8"?>
<!-- Generated by org.testng.reporters.JUnitReportReporter -->
<testsuite skipped="0" hostname="MUNTASIR-BOCTC10" name="com.ExtentReport.LoginTestNormalExtentReport" tests="1" failures="0" timestamp="2021-01-16T13:44:47 BDT" time="27.898" errors="0">
  <testcase name="login" time="27.898" classname="com.ExtentReport.LoginTestNormalExtentReport"/>
  <system-out/>
</testsuite> <!-- com.ExtentReport.LoginTestNormalExtentReport -->
