<?xml version="1.0" encoding="UTF-8"?>
<!-- Generated by org.testng.reporters.JUnitReportReporter -->
<testsuite skipped="0" hostname="MUNTASIR-BOCTC10" name="com.ProductOrder.ExtentReport" tests="1" failures="0" timestamp="2021-01-16T13:09:30 BDT" time="14.945" errors="0">
  <testcase name="demo" time="14.945" classname="com.ProductOrder.ExtentReport"/>
  <system-out/>
</testsuite> <!-- com.ProductOrder.ExtentReport -->
